0 info it worked if it ends with ok
1 verbose cli [ 'C:\\Program Files\\nodejs\\node.exe',
1 verbose cli   'C:\\Program Files\\nodejs\\node_modules\\npm\\bin\\npm-cli.js',
1 verbose cli   'publish' ]
2 info using npm@3.7.3
3 info using node@v5.9.0
4 verbose publish [ '.' ]
5 silly cache add args [ '.', null ]
6 verbose cache add spec .
7 silly cache add parsed spec Result {
7 silly cache add   raw: '.',
7 silly cache add   scope: null,
7 silly cache add   name: null,
7 silly cache add   rawSpec: '.',
7 silly cache add   spec: 'C:\\Users\\swan\\Documents\\GitHub\\react-flex',
7 silly cache add   type: 'directory' }
8 verbose addLocalDirectory C:\Users\swan\AppData\Roaming\npm-cache\react-flex\0.0.1\package.tgz not in flight; packing
9 verbose correctMkdir C:\Users\swan\AppData\Roaming\npm-cache correctMkdir not in flight; initializing
10 info lifecycle react-flex@0.0.1~prepublish: react-flex@0.0.1
11 verbose lifecycle react-flex@0.0.1~prepublish: unsafe-perm in lifecycle true
12 verbose lifecycle react-flex@0.0.1~prepublish: PATH: C:\Program Files\nodejs\node_modules\npm\bin\node-gyp-bin;C:\Users\swan\Documents\GitHub\react-flex\node_modules\.bin;C:\Program Files\nodejs;C:\ProgramData\Oracle\Java\javapath;C:\Program Files (x86)\Intel\iCLS Client\;C:\Program Files\Intel\iCLS Client\;C:\Windows\system32;C:\Windows;C:\Windows\System32\Wbem;C:\Windows\System32\WindowsPowerShell\v1.0\;C:\Program Files (x86)\Intel\Intel(R) Management Engine Components\DAL;C:\Program Files\Intel\Intel(R) Management Engine Components\DAL;C:\Program Files (x86)\Intel\Intel(R) Management Engine Components\IPT;C:\Program Files\Intel\Intel(R) Management Engine Components\IPT;C:\Program Files (x86)\NVIDIA Corporation\PhysX\Common;C:\Program Files\Intel\WiFi\bin\;C:\Program Files\Common Files\Intel\WirelessCommon\;C:\WINDOWS\system32;C:\WINDOWS;C:\WINDOWS\System32\Wbem;C:\WINDOWS\System32\WindowsPowerShell\v1.0\;C:\Program Files (x86)\Skype\Phone\;C:\Program Files\nodejs\;C:\Program Files\Git\cmd;C:\Program Files (x86)\Windows Kits\8.1\Windows Performance Toolkit\;C:\Users\swan\AppData\Local\atom\bin;C:\Users\swan\AppData\Local\.meteor;C:\Users\swan\AppData\Roaming\npm;C:\lein\bin;C:\.lein\bin;C:\Users\swan\AppData\Local\Microsoft\WindowsApps
13 verbose lifecycle react-flex@0.0.1~prepublish: CWD: C:\Users\swan\Documents\GitHub\react-flex
14 silly lifecycle react-flex@0.0.1~prepublish: Args: [ '/d /s /c', 'webpack' ]
15 silly lifecycle react-flex@0.0.1~prepublish: Returned: code: 0  signal: null
16 verbose tar pack [ 'C:\\Users\\swan\\AppData\\Roaming\\npm-cache\\react-flex\\0.0.1\\package.tgz',
16 verbose tar pack   'C:\\Users\\swan\\Documents\\GitHub\\react-flex' ]
17 verbose tarball C:\Users\swan\AppData\Roaming\npm-cache\react-flex\0.0.1\package.tgz
18 verbose folder C:\Users\swan\Documents\GitHub\react-flex
19 verbose addLocalTarball adding from inside cache C:\Users\swan\AppData\Roaming\npm-cache\react-flex\0.0.1\package.tgz
20 verbose correctMkdir C:\Users\swan\AppData\Roaming\npm-cache correctMkdir not in flight; initializing
21 silly cache afterAdd react-flex@0.0.1
22 verbose afterAdd C:\Users\swan\AppData\Roaming\npm-cache\react-flex\0.0.1\package\package.json not in flight; writing
23 verbose correctMkdir C:\Users\swan\AppData\Roaming\npm-cache correctMkdir not in flight; initializing
24 verbose afterAdd C:\Users\swan\AppData\Roaming\npm-cache\react-flex\0.0.1\package\package.json written
25 silly publish { name: 'react-flex',
25 silly publish   version: '0.0.1',
25 silly publish   description: 'Simple React component for creating flex nodes with only boolean props',
25 silly publish   main: 'dist/react-flex.js',
25 silly publish   scripts:
25 silly publish    { prepublish: 'webpack',
25 silly publish      test: 'echo "Error: Please do write tests for me, sensei" && exit 1' },
25 silly publish   repository:
25 silly publish    { type: 'git',
25 silly publish      url: 'git+https://github.com/esseswann/react-flex.git' },
25 silly publish   keywords: [ 'react', 'flex' ],
25 silly publish   author: { name: 'Esse Swann', email: 'esseswann@gmail.com' },
25 silly publish   license: 'ISC',
25 silly publish   bugs: { url: 'https://github.com/esseswann/react-flex/issues' },
25 silly publish   homepage: 'https://github.com/esseswann/react-flex#readme',
25 silly publish   peerDependencies: { react: '^15.x.x' },
25 silly publish   dependencies: { 'lodash.foreach': '^4.5.0', 'lodash.merge': '^4.6.0' },
25 silly publish   devDependencies:
25 silly publish    { react: '^15.x.x',
25 silly publish      'babel-core': '^6.14.0',
25 silly publish      'babel-loader': '^6.2.5',
25 silly publish      'babel-preset-es2015': '^6.14.0',
25 silly publish      'babel-preset-stage-0': '^6.5.0',
25 silly publish      webpack: '^1.13.2' },
25 silly publish   readme: 'ERROR: No README data found!',
25 silly publish   readmeFilename: 'README.md',
25 silly publish   _id: 'react-flex@0.0.1',
25 silly publish   _shasum: '9690d024e4fbb9ddf5bd9a49dc81ac1efae7cf6f',
25 silly publish   _from: '.' }
26 verbose getPublishConfig undefined
27 silly mapToRegistry name react-flex
28 silly mapToRegistry using default registry
29 silly mapToRegistry registry https://registry.npmjs.org/
30 silly mapToRegistry uri https://registry.npmjs.org/react-flex
31 verbose publish registryBase https://registry.npmjs.org/
32 silly publish uploading C:\Users\swan\AppData\Roaming\npm-cache\react-flex\0.0.1\package.tgz
33 verbose request uri https://registry.npmjs.org/react-flex
34 verbose request sending authorization for write operation
35 info attempt registry request try #1 at 2:41:33 PM
36 verbose request using bearer token for auth
37 verbose request id ddcb324705c6a48e
38 http request PUT https://registry.npmjs.org/react-flex
39 http 403 https://registry.npmjs.org/react-flex
40 verbose headers { 'content-type': 'application/json',
40 verbose headers   'cache-control': 'max-age=300',
40 verbose headers   'content-length': '104',
40 verbose headers   'accept-ranges': 'bytes',
40 verbose headers   date: 'Fri, 16 Sep 2016 11:41:32 GMT',
40 verbose headers   via: '1.1 varnish',
40 verbose headers   connection: 'keep-alive',
40 verbose headers   'x-served-by': 'cache-fra1238-FRA',
40 verbose headers   'x-cache': 'MISS',
40 verbose headers   'x-cache-hits': '0',
40 verbose headers   'x-timer': 'S1474026091.770678,VS0,VE778',
40 verbose headers   vary: 'Accept-Encoding' }
41 verbose request invalidating C:\Users\swan\AppData\Roaming\npm-cache\registry.npmjs.org\react-flex on PUT
42 error publish Failed PUT 403
43 verbose stack Error: you do not have permission to publish "react-flex". Are you logged in as the correct user? : react-flex
43 verbose stack     at makeError (C:\Program Files\nodejs\node_modules\npm\node_modules\npm-registry-client\lib\request.js:264:12)
43 verbose stack     at CachingRegistryClient.<anonymous> (C:\Program Files\nodejs\node_modules\npm\node_modules\npm-registry-client\lib\request.js:252:14)
43 verbose stack     at Request._callback (C:\Program Files\nodejs\node_modules\npm\node_modules\npm-registry-client\lib\request.js:172:14)
43 verbose stack     at Request.self.callback (C:\Program Files\nodejs\node_modules\npm\node_modules\request\request.js:199:22)
43 verbose stack     at emitTwo (events.js:100:13)
43 verbose stack     at Request.emit (events.js:185:7)
43 verbose stack     at Request.<anonymous> (C:\Program Files\nodejs\node_modules\npm\node_modules\request\request.js:1036:10)
43 verbose stack     at emitOne (events.js:95:20)
43 verbose stack     at Request.emit (events.js:182:7)
43 verbose stack     at IncomingMessage.<anonymous> (C:\Program Files\nodejs\node_modules\npm\node_modules\request\request.js:963:12)
44 verbose statusCode 403
45 verbose pkgid react-flex
46 verbose cwd C:\Users\swan\Documents\GitHub\react-flex
47 error Windows_NT 10.0.14393
48 error argv "C:\\Program Files\\nodejs\\node.exe" "C:\\Program Files\\nodejs\\node_modules\\npm\\bin\\npm-cli.js" "publish"
49 error node v5.9.0
50 error npm  v3.7.3
51 error code E403
52 error you do not have permission to publish "react-flex". Are you logged in as the correct user? : react-flex
53 error If you need help, you may report this error at:
53 error     <https://github.com/npm/npm/issues>
54 verbose exit [ 1, true ]
