0 info it worked if it ends with ok
1 verbose cli [ 'C:\\Program Files\\nodejs\\node.exe',
1 verbose cli   'C:\\Program Files\\nodejs\\node_modules\\npm\\bin\\npm-cli.js',
1 verbose cli   'publish' ]
2 info using npm@3.7.3
3 info using node@v5.9.0
4 verbose publish [ '.' ]
5 silly cache add args [ '.', null ]
6 verbose cache add spec .
7 silly cache add parsed spec Result {
7 silly cache add   raw: '.',
7 silly cache add   scope: null,
7 silly cache add   name: null,
7 silly cache add   rawSpec: '.',
7 silly cache add   spec: 'C:\\Users\\swan\\Documents\\GitHub\\react-flex\\examples',
7 silly cache add   type: 'directory' }
8 verbose addLocalDirectory C:\Users\swan\AppData\Roaming\npm-cache\examples\1.0.0\package.tgz not in flight; packing
9 verbose correctMkdir C:\Users\swan\AppData\Roaming\npm-cache correctMkdir not in flight; initializing
10 info lifecycle examples@1.0.0~prepublish: examples@1.0.0
11 silly lifecycle examples@1.0.0~prepublish: no script for prepublish, continuing
12 verbose tar pack [ 'C:\\Users\\swan\\AppData\\Roaming\\npm-cache\\examples\\1.0.0\\package.tgz',
12 verbose tar pack   'C:\\Users\\swan\\Documents\\GitHub\\react-flex\\examples' ]
13 verbose tarball C:\Users\swan\AppData\Roaming\npm-cache\examples\1.0.0\package.tgz
14 verbose folder C:\Users\swan\Documents\GitHub\react-flex\examples
15 verbose addLocalTarball adding from inside cache C:\Users\swan\AppData\Roaming\npm-cache\examples\1.0.0\package.tgz
16 verbose correctMkdir C:\Users\swan\AppData\Roaming\npm-cache correctMkdir not in flight; initializing
17 silly cache afterAdd examples@1.0.0
18 verbose afterAdd C:\Users\swan\AppData\Roaming\npm-cache\examples\1.0.0\package\package.json not in flight; writing
19 verbose correctMkdir C:\Users\swan\AppData\Roaming\npm-cache correctMkdir not in flight; initializing
20 verbose afterAdd C:\Users\swan\AppData\Roaming\npm-cache\examples\1.0.0\package\package.json written
21 silly publish { name: 'examples',
21 silly publish   version: '1.0.0',
21 silly publish   description: 'Examples for react-flex',
21 silly publish   main: 'index.js',
21 silly publish   scripts: { build: 'browserify index.js -o bundle.js -t babelify' },
21 silly publish   author: { name: 'Esse Swann' },
21 silly publish   license: 'ISC',
21 silly publish   dependencies:
21 silly publish    { 'babel-preset-es2015': '^6.14.0',
21 silly publish      'babel-preset-react': '^6.11.1',
21 silly publish      'babel-preset-stage-0': '^6.5.0',
21 silly publish      babelify: '^7.3.0',
21 silly publish      browserify: '^13.1.0',
21 silly publish      'lodash.foreach': '^4.5.0',
21 silly publish      'lodash.merge': '^4.6.0',
21 silly publish      react: '^15.x.x',
21 silly publish      'react-dom': '^15.x.x' },
21 silly publish   readme: 'ERROR: No README data found!',
21 silly publish   _id: 'examples@1.0.0',
21 silly publish   _shasum: 'e5061376754f618784b098ff99ec8d0e4c968821',
21 silly publish   _from: '.' }
22 verbose getPublishConfig undefined
23 silly mapToRegistry name examples
24 silly mapToRegistry using default registry
25 silly mapToRegistry registry https://registry.npmjs.org/
26 silly mapToRegistry uri https://registry.npmjs.org/examples
27 verbose publish registryBase https://registry.npmjs.org/
28 silly publish uploading C:\Users\swan\AppData\Roaming\npm-cache\examples\1.0.0\package.tgz
29 verbose request uri https://registry.npmjs.org/examples
30 verbose request sending authorization for write operation
31 info attempt registry request try #1 at 2:41:07 PM
32 verbose request using bearer token for auth
33 verbose request id 45eaa268b1b5e82e
34 http request PUT https://registry.npmjs.org/examples
35 http 403 https://registry.npmjs.org/examples
36 verbose headers { 'content-type': 'application/json',
36 verbose headers   'cache-control': 'max-age=300',
36 verbose headers   'content-length': '102',
36 verbose headers   'accept-ranges': 'bytes',
36 verbose headers   date: 'Fri, 16 Sep 2016 11:41:07 GMT',
36 verbose headers   via: '1.1 varnish',
36 verbose headers   connection: 'keep-alive',
36 verbose headers   'x-served-by': 'cache-fra1224-FRA',
36 verbose headers   'x-cache': 'MISS',
36 verbose headers   'x-cache-hits': '0',
36 verbose headers   'x-timer': 'S1474026065.995021,VS0,VE1057',
36 verbose headers   vary: 'Accept-Encoding' }
37 verbose request invalidating C:\Users\swan\AppData\Roaming\npm-cache\registry.npmjs.org\examples on PUT
38 error publish Failed PUT 403
39 verbose stack Error: you do not have permission to publish "examples". Are you logged in as the correct user? : examples
39 verbose stack     at makeError (C:\Program Files\nodejs\node_modules\npm\node_modules\npm-registry-client\lib\request.js:264:12)
39 verbose stack     at CachingRegistryClient.<anonymous> (C:\Program Files\nodejs\node_modules\npm\node_modules\npm-registry-client\lib\request.js:252:14)
39 verbose stack     at Request._callback (C:\Program Files\nodejs\node_modules\npm\node_modules\npm-registry-client\lib\request.js:172:14)
39 verbose stack     at Request.self.callback (C:\Program Files\nodejs\node_modules\npm\node_modules\request\request.js:199:22)
39 verbose stack     at emitTwo (events.js:100:13)
39 verbose stack     at Request.emit (events.js:185:7)
39 verbose stack     at Request.<anonymous> (C:\Program Files\nodejs\node_modules\npm\node_modules\request\request.js:1036:10)
39 verbose stack     at emitOne (events.js:95:20)
39 verbose stack     at Request.emit (events.js:182:7)
39 verbose stack     at IncomingMessage.<anonymous> (C:\Program Files\nodejs\node_modules\npm\node_modules\request\request.js:963:12)
40 verbose statusCode 403
41 verbose pkgid examples
42 verbose cwd C:\Users\swan\Documents\GitHub\react-flex\examples
43 error Windows_NT 10.0.14393
44 error argv "C:\\Program Files\\nodejs\\node.exe" "C:\\Program Files\\nodejs\\node_modules\\npm\\bin\\npm-cli.js" "publish"
45 error node v5.9.0
46 error npm  v3.7.3
47 error code E403
48 error you do not have permission to publish "examples". Are you logged in as the correct user? : examples
49 error If you need help, you may report this error at:
49 error     <https://github.com/npm/npm/issues>
50 verbose exit [ 1, true ]
